------------------------------------------------------------------------------------------------------------------------

[2023-03-08 19:41:05 #1 store] 
Database 'D:\Users\Mikel\Documents\Bets21\src\main\resources\bets.temp' is opened by 11856@DESKTOP-D9TVLGJ

[2023-03-08 19:41:05 #2 type.registry] 
New type domain.User

[2023-03-08 19:41:05 #3 type] 
Type domain.User is not enhanced.

[2023-03-08 19:41:05 #4 type.registry] 
New type domain.Question

[2023-03-08 19:41:05 #5 type] 
Type domain.Question is not enhanced.

[2023-03-08 19:41:05 #6 type.registry] 
New type domain.Event

[2023-03-08 19:41:05 #7 type] 
Type domain.Event is not enhanced.

[2023-03-08 19:41:05 #8 type.registry] 
New type java.util.Vector<domain.Question>

[2023-03-08 19:41:05 #9 type.registry] 
New type java.util.Vector<java.lang.Object>

------------------------------------------------------------------------------------------------------------------------

[2023-03-08 19:42:41 #1 store] 
Database 'D:\Users\Mikel\Documents\Bets21\src\main\resources\bets.temp' is opened by 16972@DESKTOP-D9TVLGJ

[2023-03-08 19:42:41 #2 type.registry] 
New type domain.User

[2023-03-08 19:42:41 #3 type] 
Type domain.User is not enhanced.

[2023-03-08 19:42:41 #4 type.registry] 
New type domain.Question

[2023-03-08 19:42:41 #5 type] 
Type domain.Question is not enhanced.

[2023-03-08 19:42:41 #6 type.registry] 
New type domain.Event

[2023-03-08 19:42:41 #7 type] 
Type domain.Event is not enhanced.

[2023-03-08 19:42:41 #8 type.registry] 
New type java.util.Vector<domain.Question>

[2023-03-08 19:42:41 #9 type.registry] 
New type java.util.Vector<java.lang.Object>

------------------------------------------------------------------------------------------------------------------------

[2023-03-08 19:52:44 #1 store] 
Database 'D:\Users\Mikel\Documents\Bets21\src\main\resources\bets.temp' is opened by 10660@DESKTOP-D9TVLGJ

[2023-03-08 19:52:44 #2 type.registry] 
New type domain.User

[2023-03-08 19:52:44 #3 type] 
Type domain.User is not enhanced.

[2023-03-08 19:52:44 #4 type.registry] 
New type domain.Question

[2023-03-08 19:52:44 #5 type] 
Type domain.Question is not enhanced.

[2023-03-08 19:52:44 #6 type.registry] 
New type domain.Event

[2023-03-08 19:52:44 #7 type] 
Type domain.Event is not enhanced.

[2023-03-08 19:52:44 #8 type.registry] 
New type java.util.Vector<domain.Question>

[2023-03-08 19:52:44 #9 type.registry] 
New type java.util.Vector<java.lang.Object>

------------------------------------------------------------------------------------------------------------------------

[2023-03-08 19:53:17 #1 store] 
Database 'D:\Users\Mikel\Documents\Bets21\src\main\resources\bets.temp' is opened by 19968@DESKTOP-D9TVLGJ

[2023-03-08 19:53:17 #2 type.registry] 
New type domain.User

[2023-03-08 19:53:17 #3 type] 
Type domain.User is not enhanced.

[2023-03-08 19:53:17 #4 type.registry] 
New type domain.Question

[2023-03-08 19:53:17 #5 type] 
Type domain.Question is not enhanced.

[2023-03-08 19:53:17 #6 type.registry] 
New type domain.Event

[2023-03-08 19:53:17 #7 type] 
Type domain.Event is not enhanced.

[2023-03-08 19:53:17 #8 type.registry] 
New type java.util.Vector<domain.Question>

[2023-03-08 19:53:17 #9 type.registry] 
New type java.util.Vector<java.lang.Object>

------------------------------------------------------------------------------------------------------------------------

[2023-03-08 19:53:45 #1 store] 
Database 'D:\Users\Mikel\Documents\Bets21\src\main\resources\bets.temp' is opened by 11444@DESKTOP-D9TVLGJ

[2023-03-08 19:53:45 #2 type.registry] 
New type domain.User

[2023-03-08 19:53:45 #3 type] 
Type domain.User is not enhanced.

[2023-03-08 19:53:45 #4 type.registry] 
New type domain.Question

[2023-03-08 19:53:45 #5 type] 
Type domain.Question is not enhanced.

[2023-03-08 19:53:45 #6 type.registry] 
New type domain.Event

[2023-03-08 19:53:45 #7 type] 
Type domain.Event is not enhanced.

[2023-03-08 19:53:45 #8 type.registry] 
New type java.util.Vector<domain.Question>

[2023-03-08 19:53:45 #9 type.registry] 
New type java.util.Vector<java.lang.Object>

------------------------------------------------------------------------------------------------------------------------

[2023-03-08 19:54:08 #1 store] 
Database 'D:\Users\Mikel\Documents\Bets21\src\main\resources\bets.temp' is opened by 22520@DESKTOP-D9TVLGJ

[2023-03-08 19:54:09 #2 type.registry] 
New type domain.User

[2023-03-08 19:54:09 #3 type] 
Type domain.User is not enhanced.

[2023-03-08 19:54:09 #4 type.registry] 
New type domain.Question

[2023-03-08 19:54:09 #5 type] 
Type domain.Question is not enhanced.

[2023-03-08 19:54:09 #6 type.registry] 
New type domain.Event

[2023-03-08 19:54:09 #7 type] 
Type domain.Event is not enhanced.

[2023-03-08 19:54:09 #8 type.registry] 
New type java.util.Vector<domain.Question>

[2023-03-08 19:54:09 #9 type.registry] 
New type java.util.Vector<java.lang.Object>

------------------------------------------------------------------------------------------------------------------------

[2023-03-08 19:55:16 #1 store] 
Database 'D:\Users\Mikel\Documents\Bets21\src\main\resources\bets.temp' is opened by 19948@DESKTOP-D9TVLGJ

[2023-03-08 19:55:16 #2 type.registry] 
New type domain.User

[2023-03-08 19:55:16 #3 type] 
Type domain.User is not enhanced.

[2023-03-08 19:55:16 #4 type.registry] 
New type domain.Question

[2023-03-08 19:55:16 #5 type] 
Type domain.Question is not enhanced.

[2023-03-08 19:55:16 #6 type.registry] 
New type domain.Event

[2023-03-08 19:55:16 #7 type] 
Type domain.Event is not enhanced.

[2023-03-08 19:55:16 #8 type.registry] 
New type java.util.Vector<domain.Question>

[2023-03-08 19:55:16 #9 type.registry] 
New type java.util.Vector<java.lang.Object>

