------------------------------------------------------------------------------------------------------------------------

[2023-04-05 11:35:13 #1 store] 
Database 'C:\Users\Mikel\Desktop\Bets21\src\main\resources\bets.temp' is opened by 17620@DESKTOP-E0J983N

[2023-04-05 11:35:13 #2 type] 
Type domain.User is not enhanced.

[2023-04-05 11:35:13 #3 type] 
Type domain.Question is not enhanced.

[2023-04-05 11:35:13 #4 type] 
Type domain.Event is not enhanced.

------------------------------------------------------------------------------------------------------------------------

[2023-04-05 11:42:35 #1 store] 
Database 'C:\Users\Mikel\Desktop\Bets21\src\main\resources\bets.temp' is opened by 18224@DESKTOP-E0J983N

[2023-04-05 11:42:35 #2 type] 
Type domain.User is not enhanced.

[2023-04-05 11:42:35 #3 type] 
Type domain.Question is not enhanced.

[2023-04-05 11:42:35 #4 type] 
Type domain.Event is not enhanced.

------------------------------------------------------------------------------------------------------------------------

[2023-04-05 11:43:45 #1 store] 
Database 'C:\Users\Mikel\Desktop\Bets21\src\main\resources\bets.temp' is opened by 12760@DESKTOP-E0J983N

[2023-04-05 11:43:45 #2 type] 
Type domain.User is not enhanced.

[2023-04-05 11:43:45 #3 type] 
Type domain.Question is not enhanced.

[2023-04-05 11:43:45 #4 type] 
Type domain.Event is not enhanced.

------------------------------------------------------------------------------------------------------------------------

[2023-04-05 11:44:47 #1 store] 
Database 'C:\Users\Mikel\Desktop\Bets21\src\main\resources\bets.temp' is opened by 17188@DESKTOP-E0J983N

[2023-04-05 11:44:47 #2 type] 
Type domain.User is not enhanced.

[2023-04-05 11:44:47 #3 type] 
Type domain.Question is not enhanced.

[2023-04-05 11:44:47 #4 type] 
Type domain.Event is not enhanced.

------------------------------------------------------------------------------------------------------------------------

[2023-04-05 11:45:50 #1 store] 
Database 'C:\Users\Mikel\Desktop\Bets21\src\main\resources\bets.temp' is opened by 18192@DESKTOP-E0J983N

[2023-04-05 11:45:50 #2 type] 
Type domain.User is not enhanced.

[2023-04-05 11:45:50 #3 type] 
Type domain.Question is not enhanced.

[2023-04-05 11:45:50 #4 type] 
Type domain.Event is not enhanced.

------------------------------------------------------------------------------------------------------------------------

[2023-04-05 11:48:19 #1 store] 
Database 'C:\Users\Mikel\Desktop\Bets21\src\main\resources\bets.temp' is opened by 4880@DESKTOP-E0J983N

[2023-04-05 11:48:19 #2 type] 
Type domain.User is not enhanced.

[2023-04-05 11:48:19 #3 type] 
Type domain.Question is not enhanced.

[2023-04-05 11:48:19 #4 type] 
Type domain.Event is not enhanced.

------------------------------------------------------------------------------------------------------------------------

[2023-04-05 11:49:20 #1 store] 
Database 'C:\Users\Mikel\Desktop\Bets21\src\main\resources\bets.temp' is opened by 3372@DESKTOP-E0J983N

[2023-04-05 11:49:20 #2 type] 
Type domain.User is not enhanced.

[2023-04-05 11:49:20 #3 type] 
Type domain.Question is not enhanced.

[2023-04-05 11:49:20 #4 type] 
Type domain.Event is not enhanced.

------------------------------------------------------------------------------------------------------------------------

[2023-04-05 11:49:51 #1 store] 
Database 'C:\Users\Mikel\Desktop\Bets21\src\main\resources\bets.temp' is opened by 14920@DESKTOP-E0J983N

[2023-04-05 11:49:51 #2 type] 
Type domain.User is not enhanced.

[2023-04-05 11:49:51 #3 type] 
Type domain.Question is not enhanced.

[2023-04-05 11:49:51 #4 type] 
Type domain.Event is not enhanced.

