------------------------------------------------------------------------------------------------------------------------

[2023-02-20 09:16:04 #1 store] 
Database 'C:\Users\Mikel\git\Bets21\src\main\resources\bets.temp' is opened by 8232@DESKTOP-E0J983N

[2023-02-20 09:16:04 #2 type.registry] 
New type domain.Question

[2023-02-20 09:16:04 #3 type] 
Type domain.Question is not enhanced.

[2023-02-20 09:16:04 #4 type.registry] 
New type domain.Event

[2023-02-20 09:16:04 #5 type] 
Type domain.Event is not enhanced.

[2023-02-20 09:16:04 #6 type.registry] 
New type java.util.Vector<domain.Question>

[2023-02-20 09:16:04 #7 type.registry] 
New type java.util.Vector<java.lang.Object>

------------------------------------------------------------------------------------------------------------------------

[2023-02-20 09:36:35 #1 store] 
Database 'C:\Users\Mikel\git\Bets21\src\main\resources\bets.temp' is opened by 4996@DESKTOP-E0J983N

[2023-02-20 09:36:35 #2 type.registry] 
New type domain.Question

[2023-02-20 09:36:35 #3 type] 
Type domain.Question is not enhanced.

[2023-02-20 09:36:35 #4 type.registry] 
New type domain.Event

[2023-02-20 09:36:35 #5 type] 
Type domain.Event is not enhanced.

[2023-02-20 09:36:35 #6 type.registry] 
New type java.util.Vector<domain.Question>

[2023-02-20 09:36:35 #7 type.registry] 
New type java.util.Vector<java.lang.Object>

------------------------------------------------------------------------------------------------------------------------

[2023-02-20 09:53:40 #1 store] 
Database 'C:\Users\Mikel\git\Bets21\src\main\resources\bets.temp' is opened by 2264@DESKTOP-E0J983N

[2023-02-20 09:53:40 #2 type.registry] 
New type domain.Question

[2023-02-20 09:53:40 #3 type] 
Type domain.Question is not enhanced.

[2023-02-20 09:53:40 #4 type.registry] 
New type domain.Event

[2023-02-20 09:53:40 #5 type] 
Type domain.Event is not enhanced.

[2023-02-20 09:53:40 #6 type.registry] 
New type java.util.Vector<domain.Question>

[2023-02-20 09:53:40 #7 type.registry] 
New type java.util.Vector<java.lang.Object>

------------------------------------------------------------------------------------------------------------------------

[2023-02-20 10:25:45 #1 store] 
Database 'C:\Users\Mikel\git\Bets21\src\main\resources\bets.temp' is opened by 9052@DESKTOP-E0J983N

[2023-02-20 10:25:45 #2 type.registry] 
New type domain.Question

[2023-02-20 10:25:45 #3 type] 
Type domain.Question is not enhanced.

[2023-02-20 10:25:45 #4 type.registry] 
New type domain.Event

[2023-02-20 10:25:45 #5 type] 
Type domain.Event is not enhanced.

[2023-02-20 10:25:45 #6 type.registry] 
New type java.util.Vector<domain.Question>

[2023-02-20 10:25:45 #7 type.registry] 
New type java.util.Vector<java.lang.Object>

------------------------------------------------------------------------------------------------------------------------

[2023-02-20 10:26:19 #1 store] 
Database 'C:\Users\Mikel\git\Bets21\src\main\resources\bets.temp' is opened by 2452@DESKTOP-E0J983N

[2023-02-20 10:26:19 #2 type.registry] 
New type domain.Question

[2023-02-20 10:26:19 #3 type] 
Type domain.Question is not enhanced.

[2023-02-20 10:26:19 #4 type.registry] 
New type domain.Event

[2023-02-20 10:26:19 #5 type] 
Type domain.Event is not enhanced.

[2023-02-20 10:26:19 #6 type.registry] 
New type java.util.Vector<domain.Question>

[2023-02-20 10:26:19 #7 type.registry] 
New type java.util.Vector<java.lang.Object>

------------------------------------------------------------------------------------------------------------------------

[2023-02-20 10:27:11 #1 store] 
Database 'C:\Users\Mikel\git\Bets21\src\main\resources\bets.temp' is opened by 18532@DESKTOP-E0J983N

[2023-02-20 10:27:11 #2 type.registry] 
New type domain.Question

[2023-02-20 10:27:11 #3 type] 
Type domain.Question is not enhanced.

[2023-02-20 10:27:11 #4 type.registry] 
New type domain.Event

[2023-02-20 10:27:11 #5 type] 
Type domain.Event is not enhanced.

[2023-02-20 10:27:11 #6 type.registry] 
New type java.util.Vector<domain.Question>

[2023-02-20 10:27:11 #7 type.registry] 
New type java.util.Vector<java.lang.Object>

