------------------------------------------------------------------------------------------------------------------------

[2023-03-06 15:00:18 #1 store] 
Database 'C:\Users\Mikel\git\Bets21\src\main\resources\bets.temp' is opened by 6636@DESKTOP-E0J983N

[2023-03-06 15:00:18 #2 type.registry] 
New type domain.User

[2023-03-06 15:00:18 #3 type] 
Type domain.User is not enhanced.

[2023-03-06 15:00:18 #4 type.registry] 
New type domain.Question

[2023-03-06 15:00:18 #5 type] 
Type domain.Question is not enhanced.

[2023-03-06 15:00:18 #6 type.registry] 
New type domain.Event

[2023-03-06 15:00:18 #7 type] 
Type domain.Event is not enhanced.

[2023-03-06 15:00:18 #8 type.registry] 
New type java.util.Vector<domain.Question>

[2023-03-06 15:00:18 #9 type.registry] 
New type java.util.Vector<java.lang.Object>

------------------------------------------------------------------------------------------------------------------------

[2023-03-06 15:00:42 #1 store] 
Database 'C:\Users\Mikel\git\Bets21\src\main\resources\bets.temp' is opened by 18316@DESKTOP-E0J983N

[2023-03-06 15:00:42 #2 type.registry] 
New type domain.User

[2023-03-06 15:00:42 #3 type] 
Type domain.User is not enhanced.

[2023-03-06 15:00:42 #4 type.registry] 
New type domain.Question

[2023-03-06 15:00:42 #5 type] 
Type domain.Question is not enhanced.

[2023-03-06 15:00:42 #6 type.registry] 
New type domain.Event

[2023-03-06 15:00:42 #7 type] 
Type domain.Event is not enhanced.

[2023-03-06 15:00:42 #8 type.registry] 
New type java.util.Vector<domain.Question>

[2023-03-06 15:00:42 #9 type.registry] 
New type java.util.Vector<java.lang.Object>

------------------------------------------------------------------------------------------------------------------------

[2023-03-06 15:02:29 #1 store] 
Database 'C:\Users\Mikel\git\Bets21\src\main\resources\bets.temp' is opened by 12824@DESKTOP-E0J983N

[2023-03-06 15:02:30 #2 type.registry] 
New type domain.User

[2023-03-06 15:02:30 #3 type] 
Type domain.User is not enhanced.

[2023-03-06 15:02:30 #4 type.registry] 
New type domain.Question

[2023-03-06 15:02:30 #5 type] 
Type domain.Question is not enhanced.

[2023-03-06 15:02:30 #6 type.registry] 
New type domain.Event

[2023-03-06 15:02:30 #7 type] 
Type domain.Event is not enhanced.

[2023-03-06 15:02:30 #8 type.registry] 
New type java.util.Vector<domain.Question>

[2023-03-06 15:02:30 #9 type.registry] 
New type java.util.Vector<java.lang.Object>

------------------------------------------------------------------------------------------------------------------------

[2023-03-06 15:03:23 #1 store] 
Database 'C:\Users\Mikel\git\Bets21\src\main\resources\bets.temp' is opened by 13664@DESKTOP-E0J983N

[2023-03-06 15:03:23 #2 type.registry] 
New type domain.User

[2023-03-06 15:03:23 #3 type] 
Type domain.User is not enhanced.

[2023-03-06 15:03:23 #4 type.registry] 
New type domain.Question

[2023-03-06 15:03:23 #5 type] 
Type domain.Question is not enhanced.

[2023-03-06 15:03:23 #6 type.registry] 
New type domain.Event

[2023-03-06 15:03:23 #7 type] 
Type domain.Event is not enhanced.

[2023-03-06 15:03:24 #8 type.registry] 
New type java.util.Vector<domain.Question>

[2023-03-06 15:03:24 #9 type.registry] 
New type java.util.Vector<java.lang.Object>

------------------------------------------------------------------------------------------------------------------------

[2023-03-06 15:06:09 #1 store] 
Database 'C:\Users\Mikel\git\Bets21\src\main\resources\bets.temp' is opened by 8080@DESKTOP-E0J983N

[2023-03-06 15:06:09 #2 type.registry] 
New type domain.User

[2023-03-06 15:06:09 #3 type] 
Type domain.User is not enhanced.

[2023-03-06 15:06:09 #4 type.registry] 
New type domain.Question

[2023-03-06 15:06:09 #5 type] 
Type domain.Question is not enhanced.

[2023-03-06 15:06:09 #6 type.registry] 
New type domain.Event

[2023-03-06 15:06:09 #7 type] 
Type domain.Event is not enhanced.

[2023-03-06 15:06:09 #8 type.registry] 
New type java.util.Vector<domain.Question>

[2023-03-06 15:06:09 #9 type.registry] 
New type java.util.Vector<java.lang.Object>

------------------------------------------------------------------------------------------------------------------------

[2023-03-06 15:06:43 #1 store] 
Database 'C:\Users\Mikel\git\Bets21\src\main\resources\bets.temp' is opened by 19264@DESKTOP-E0J983N

[2023-03-06 15:06:43 #2 type.registry] 
New type domain.User

[2023-03-06 15:06:43 #3 type] 
Type domain.User is not enhanced.

[2023-03-06 15:06:43 #4 type.registry] 
New type domain.Question

[2023-03-06 15:06:43 #5 type] 
Type domain.Question is not enhanced.

[2023-03-06 15:06:43 #6 type.registry] 
New type domain.Event

[2023-03-06 15:06:43 #7 type] 
Type domain.Event is not enhanced.

[2023-03-06 15:06:43 #8 type.registry] 
New type java.util.Vector<domain.Question>

[2023-03-06 15:06:43 #9 type.registry] 
New type java.util.Vector<java.lang.Object>

------------------------------------------------------------------------------------------------------------------------

[2023-03-06 15:07:10 #1 store] 
Database 'C:\Users\Mikel\git\Bets21\src\main\resources\bets.temp' is opened by 18088@DESKTOP-E0J983N

[2023-03-06 15:07:10 #2 type.registry] 
New type domain.User

[2023-03-06 15:07:10 #3 type] 
Type domain.User is not enhanced.

[2023-03-06 15:07:10 #4 type.registry] 
New type domain.Question

[2023-03-06 15:07:10 #5 type] 
Type domain.Question is not enhanced.

[2023-03-06 15:07:10 #6 type.registry] 
New type domain.Event

[2023-03-06 15:07:10 #7 type] 
Type domain.Event is not enhanced.

[2023-03-06 15:07:10 #8 type.registry] 
New type java.util.Vector<domain.Question>

[2023-03-06 15:07:10 #9 type.registry] 
New type java.util.Vector<java.lang.Object>

------------------------------------------------------------------------------------------------------------------------

[2023-03-06 15:11:02 #1 store] 
Database 'C:\Users\Mikel\git\Bets21\src\main\resources\bets.temp' is opened by 11248@DESKTOP-E0J983N

[2023-03-06 15:11:02 #2 type.registry] 
New type domain.User

[2023-03-06 15:11:02 #3 type] 
Type domain.User is not enhanced.

[2023-03-06 15:11:02 #4 type.registry] 
New type domain.Question

[2023-03-06 15:11:02 #5 type] 
Type domain.Question is not enhanced.

[2023-03-06 15:11:02 #6 type.registry] 
New type domain.Event

[2023-03-06 15:11:02 #7 type] 
Type domain.Event is not enhanced.

[2023-03-06 15:11:02 #8 type.registry] 
New type java.util.Vector<domain.Question>

[2023-03-06 15:11:02 #9 type.registry] 
New type java.util.Vector<java.lang.Object>

------------------------------------------------------------------------------------------------------------------------

[2023-03-06 15:12:03 #1 store] 
Database 'C:\Users\Mikel\git\Bets21\src\main\resources\bets.temp' is opened by 18188@DESKTOP-E0J983N

[2023-03-06 15:12:03 #2 type.registry] 
New type domain.User

[2023-03-06 15:12:03 #3 type] 
Type domain.User is not enhanced.

[2023-03-06 15:12:03 #4 type.registry] 
New type domain.Question

[2023-03-06 15:12:03 #5 type] 
Type domain.Question is not enhanced.

[2023-03-06 15:12:03 #6 type.registry] 
New type domain.Event

[2023-03-06 15:12:03 #7 type] 
Type domain.Event is not enhanced.

[2023-03-06 15:12:03 #8 type.registry] 
New type java.util.Vector<domain.Question>

[2023-03-06 15:12:03 #9 type.registry] 
New type java.util.Vector<java.lang.Object>

------------------------------------------------------------------------------------------------------------------------

[2023-03-06 15:12:33 #1 store] 
Database 'C:\Users\Mikel\git\Bets21\src\main\resources\bets.temp' is opened by 6452@DESKTOP-E0J983N

[2023-03-06 15:12:33 #2 type.registry] 
New type domain.User

[2023-03-06 15:12:33 #3 type] 
Type domain.User is not enhanced.

[2023-03-06 15:12:33 #4 type.registry] 
New type domain.Question

[2023-03-06 15:12:33 #5 type] 
Type domain.Question is not enhanced.

[2023-03-06 15:12:33 #6 type.registry] 
New type domain.Event

[2023-03-06 15:12:33 #7 type] 
Type domain.Event is not enhanced.

[2023-03-06 15:12:33 #8 type.registry] 
New type java.util.Vector<domain.Question>

[2023-03-06 15:12:33 #9 type.registry] 
New type java.util.Vector<java.lang.Object>

------------------------------------------------------------------------------------------------------------------------

[2023-03-06 15:13:09 #1 store] 
Database 'C:\Users\Mikel\git\Bets21\src\main\resources\bets.temp' is opened by 11832@DESKTOP-E0J983N

[2023-03-06 15:13:09 #2 type.registry] 
New type domain.User

[2023-03-06 15:13:09 #3 type] 
Type domain.User is not enhanced.

[2023-03-06 15:13:09 #4 type.registry] 
New type domain.Question

[2023-03-06 15:13:09 #5 type] 
Type domain.Question is not enhanced.

[2023-03-06 15:13:09 #6 type.registry] 
New type domain.Event

[2023-03-06 15:13:09 #7 type] 
Type domain.Event is not enhanced.

[2023-03-06 15:13:09 #8 type.registry] 
New type java.util.Vector<domain.Question>

[2023-03-06 15:13:09 #9 type.registry] 
New type java.util.Vector<java.lang.Object>

