------------------------------------------------------------------------------------------------------------------------

[2023-04-02 21:32:38 #1 store] 
Database 'C:\Users\Mikel\Desktop\Bets21\src\main\resources\bets.temp' is opened by 14396@DESKTOP-E0J983N

[2023-04-02 21:32:38 #2 type] 
Type domain.User is not enhanced.

[2023-04-02 21:32:39 #3 type] 
Type domain.Question is not enhanced.

[2023-04-02 21:32:39 #4 type] 
Type domain.Event is not enhanced.

------------------------------------------------------------------------------------------------------------------------

[2023-04-02 22:22:25 #1 store] 
Database 'C:\Users\Mikel\Desktop\Bets21\src\main\resources\bets.temp' has been recovered (tr. 15-15)

[2023-04-02 22:22:25 #2 store] 
Database 'C:\Users\Mikel\Desktop\Bets21\src\main\resources\bets.temp' is opened by 7268@DESKTOP-E0J983N

[2023-04-02 22:22:25 #3 type] 
Type domain.User is not enhanced.

[2023-04-02 22:22:25 #4 type] 
Type domain.Question is not enhanced.

[2023-04-02 22:22:25 #5 type] 
Type domain.Event is not enhanced.

------------------------------------------------------------------------------------------------------------------------

[2023-04-02 22:22:38 #1 store] 
Database 'C:\Users\Mikel\Desktop\Bets21\src\main\resources\bets.temp' is opened by 10056@DESKTOP-E0J983N

[2023-04-02 22:22:38 #2 type] 
Type domain.User is not enhanced.

[2023-04-02 22:22:38 #3 type] 
Type domain.Question is not enhanced.

[2023-04-02 22:22:38 #4 type] 
Type domain.Event is not enhanced.

------------------------------------------------------------------------------------------------------------------------

[2023-04-02 22:27:55 #1 store] 
Database 'C:\Users\Mikel\Desktop\Bets21\src\main\resources\bets.temp' is opened by 6280@DESKTOP-E0J983N

[2023-04-02 22:27:55 #2 type] 
Type domain.User is not enhanced.

[2023-04-02 22:27:55 #3 type] 
Type domain.Question is not enhanced.

[2023-04-02 22:27:55 #4 type] 
Type domain.Event is not enhanced.

------------------------------------------------------------------------------------------------------------------------

[2023-04-02 22:29:43 #1 store] 
Database 'C:\Users\Mikel\Desktop\Bets21\src\main\resources\bets.temp' is opened by 19852@DESKTOP-E0J983N

[2023-04-02 22:29:44 #2 type] 
Type domain.User is not enhanced.

[2023-04-02 22:29:44 #3 type] 
Type domain.Question is not enhanced.

[2023-04-02 22:29:44 #4 type] 
Type domain.Event is not enhanced.

------------------------------------------------------------------------------------------------------------------------

[2023-04-02 22:42:42 #1 store] 
Database 'C:\Users\Mikel\Desktop\Bets21\src\main\resources\bets.temp' is opened by 18248@DESKTOP-E0J983N

[2023-04-02 22:42:42 #2 type] 
Type domain.User is not enhanced.

[2023-04-02 22:42:42 #3 type.registry] 
New type java.util.ArrayList<java.lang.String>

[2023-04-02 22:42:43 #4 type] 
Type domain.Question is not enhanced.

[2023-04-02 22:42:43 #5 type] 
Type domain.Event is not enhanced.

------------------------------------------------------------------------------------------------------------------------

[2023-04-02 22:45:59 #1 store] 
Database 'C:\Users\Mikel\Desktop\Bets21\src\main\resources\bets.temp' has been recovered (tr. 21-21)

[2023-04-02 22:45:59 #2 store] 
Database 'C:\Users\Mikel\Desktop\Bets21\src\main\resources\bets.temp' is opened by 3172@DESKTOP-E0J983N

[2023-04-02 22:45:59 #3 type] 
Type domain.User is not enhanced.

[2023-04-02 22:45:59 #4 type] 
Type domain.Question is not enhanced.

[2023-04-02 22:45:59 #5 type] 
Type domain.Event is not enhanced.

------------------------------------------------------------------------------------------------------------------------

[2023-04-02 22:50:28 #1 store] 
Database 'C:\Users\Mikel\Desktop\Bets21\src\main\resources\bets.temp' has been recovered (tr. 22-22)

[2023-04-02 22:50:28 #2 store] 
Database 'C:\Users\Mikel\Desktop\Bets21\src\main\resources\bets.temp' is opened by 15848@DESKTOP-E0J983N

[2023-04-02 22:50:28 #3 type] 
Type domain.User is not enhanced.

[2023-04-02 22:50:28 #4 type] 
Type domain.Question is not enhanced.

[2023-04-02 22:50:28 #5 type] 
Type domain.Event is not enhanced.

------------------------------------------------------------------------------------------------------------------------

[2023-04-02 22:50:43 #1 store] 
Database 'C:\Users\Mikel\Desktop\Bets21\src\main\resources\bets.temp' is opened by 9052@DESKTOP-E0J983N

[2023-04-02 22:50:43 #2 type] 
Type domain.User is not enhanced.

[2023-04-02 22:50:43 #3 type] 
Type domain.Question is not enhanced.

[2023-04-02 22:50:43 #4 type] 
Type domain.Event is not enhanced.

------------------------------------------------------------------------------------------------------------------------

[2023-04-02 22:58:25 #1 store] 
Database 'C:\Users\Mikel\Desktop\Bets21\src\main\resources\bets.temp' is opened by 2236@DESKTOP-E0J983N

[2023-04-02 22:58:25 #2 type] 
Type domain.User is not enhanced.

[2023-04-02 22:58:25 #3 type] 
Type domain.Question is not enhanced.

[2023-04-02 22:58:25 #4 type] 
Type domain.Event is not enhanced.

------------------------------------------------------------------------------------------------------------------------

[2023-04-02 23:01:49 #1 store] 
Database 'C:\Users\Mikel\Desktop\Bets21\src\main\resources\bets.temp' is opened by 8884@DESKTOP-E0J983N

[2023-04-02 23:01:49 #2 type] 
Type domain.User is not enhanced.

[2023-04-02 23:01:49 #3 type] 
Type domain.Question is not enhanced.

[2023-04-02 23:01:49 #4 type] 
Type domain.Event is not enhanced.

------------------------------------------------------------------------------------------------------------------------

[2023-04-02 23:03:10 #1 store] 
Database 'C:\Users\Mikel\Desktop\Bets21\src\main\resources\bets.temp' is opened by 8036@DESKTOP-E0J983N

[2023-04-02 23:03:10 #2 type] 
Type domain.User is not enhanced.

[2023-04-02 23:03:10 #3 type] 
Type domain.Question is not enhanced.

[2023-04-02 23:03:10 #4 type] 
Type domain.Event is not enhanced.

------------------------------------------------------------------------------------------------------------------------

[2023-04-02 23:03:52 #1 store] 
Database 'C:\Users\Mikel\Desktop\Bets21\src\main\resources\bets.temp' is opened by 13504@DESKTOP-E0J983N

[2023-04-02 23:03:52 #2 type] 
Type domain.User is not enhanced.

[2023-04-02 23:03:52 #3 type] 
Type domain.Question is not enhanced.

[2023-04-02 23:03:52 #4 type] 
Type domain.Event is not enhanced.

------------------------------------------------------------------------------------------------------------------------

[2023-04-02 23:05:32 #1 store] 
Database 'C:\Users\Mikel\Desktop\Bets21\src\main\resources\bets.temp' is opened by 1720@DESKTOP-E0J983N

[2023-04-02 23:05:32 #2 type] 
Type domain.User is not enhanced.

[2023-04-02 23:05:32 #3 type] 
Type domain.Question is not enhanced.

[2023-04-02 23:05:32 #4 type] 
Type domain.Event is not enhanced.

------------------------------------------------------------------------------------------------------------------------

[2023-04-02 23:05:55 #1 store] 
Database 'C:\Users\Mikel\Desktop\Bets21\src\main\resources\bets.temp' is opened by 17144@DESKTOP-E0J983N

[2023-04-02 23:05:56 #2 type] 
Type domain.User is not enhanced.

[2023-04-02 23:05:56 #3 type] 
Type domain.Question is not enhanced.

[2023-04-02 23:05:56 #4 type] 
Type domain.Event is not enhanced.

------------------------------------------------------------------------------------------------------------------------

[2023-04-02 23:11:11 #1 store] 
Database 'C:\Users\Mikel\Desktop\Bets21\src\main\resources\bets.temp' is opened by 7604@DESKTOP-E0J983N

[2023-04-02 23:11:11 #2 type] 
Type domain.User is not enhanced.

[2023-04-02 23:11:11 #3 type] 
Type domain.Question is not enhanced.

[2023-04-02 23:11:11 #4 type] 
Type domain.Event is not enhanced.

------------------------------------------------------------------------------------------------------------------------

[2023-04-02 23:11:42 #1 store] 
Database 'C:\Users\Mikel\Desktop\Bets21\src\main\resources\bets.temp' is opened by 8868@DESKTOP-E0J983N

[2023-04-02 23:11:42 #2 type] 
Type domain.User is not enhanced.

[2023-04-02 23:11:42 #3 type] 
Type domain.Question is not enhanced.

[2023-04-02 23:11:42 #4 type] 
Type domain.Event is not enhanced.

