------------------------------------------------------------------------------------------------------------------------

[2023-03-08 19:41:05 #1 store] 
Database 'D:\Users\Mikel\Documents\Bets21\src\main\resources\bets.temp' is opened by 11856@DESKTOP-D9TVLGJ

[2023-03-08 19:41:05 #2 type.registry] 
New type domain.User

[2023-03-08 19:41:05 #3 type] 
Type domain.User is not enhanced.

[2023-03-08 19:41:05 #4 type.registry] 
New type domain.Question

[2023-03-08 19:41:05 #5 type] 
Type domain.Question is not enhanced.

[2023-03-08 19:41:05 #6 type.registry] 
New type domain.Event

[2023-03-08 19:41:05 #7 type] 
Type domain.Event is not enhanced.

[2023-03-08 19:41:05 #8 type.registry] 
New type java.util.Vector<domain.Question>

[2023-03-08 19:41:05 #9 type.registry] 
New type java.util.Vector<java.lang.Object>

------------------------------------------------------------------------------------------------------------------------

[2023-03-08 19:42:41 #1 store] 
Database 'D:\Users\Mikel\Documents\Bets21\src\main\resources\bets.temp' is opened by 16972@DESKTOP-D9TVLGJ

[2023-03-08 19:42:41 #2 type.registry] 
New type domain.User

[2023-03-08 19:42:41 #3 type] 
Type domain.User is not enhanced.

[2023-03-08 19:42:41 #4 type.registry] 
New type domain.Question

[2023-03-08 19:42:41 #5 type] 
Type domain.Question is not enhanced.

[2023-03-08 19:42:41 #6 type.registry] 
New type domain.Event

[2023-03-08 19:42:41 #7 type] 
Type domain.Event is not enhanced.

[2023-03-08 19:42:41 #8 type.registry] 
New type java.util.Vector<domain.Question>

[2023-03-08 19:42:41 #9 type.registry] 
New type java.util.Vector<java.lang.Object>

------------------------------------------------------------------------------------------------------------------------

[2023-03-08 19:52:44 #1 store] 
Database 'D:\Users\Mikel\Documents\Bets21\src\main\resources\bets.temp' is opened by 10660@DESKTOP-D9TVLGJ

[2023-03-08 19:52:44 #2 type.registry] 
New type domain.User

[2023-03-08 19:52:44 #3 type] 
Type domain.User is not enhanced.

[2023-03-08 19:52:44 #4 type.registry] 
New type domain.Question

[2023-03-08 19:52:44 #5 type] 
Type domain.Question is not enhanced.

[2023-03-08 19:52:44 #6 type.registry] 
New type domain.Event

[2023-03-08 19:52:44 #7 type] 
Type domain.Event is not enhanced.

[2023-03-08 19:52:44 #8 type.registry] 
New type java.util.Vector<domain.Question>

[2023-03-08 19:52:44 #9 type.registry] 
New type java.util.Vector<java.lang.Object>

------------------------------------------------------------------------------------------------------------------------

[2023-03-08 19:53:17 #1 store] 
Database 'D:\Users\Mikel\Documents\Bets21\src\main\resources\bets.temp' is opened by 19968@DESKTOP-D9TVLGJ

[2023-03-08 19:53:17 #2 type.registry] 
New type domain.User

[2023-03-08 19:53:17 #3 type] 
Type domain.User is not enhanced.

[2023-03-08 19:53:17 #4 type.registry] 
New type domain.Question

[2023-03-08 19:53:17 #5 type] 
Type domain.Question is not enhanced.

[2023-03-08 19:53:17 #6 type.registry] 
New type domain.Event

[2023-03-08 19:53:17 #7 type] 
Type domain.Event is not enhanced.

[2023-03-08 19:53:17 #8 type.registry] 
New type java.util.Vector<domain.Question>

[2023-03-08 19:53:17 #9 type.registry] 
New type java.util.Vector<java.lang.Object>

------------------------------------------------------------------------------------------------------------------------

[2023-03-08 19:53:45 #1 store] 
Database 'D:\Users\Mikel\Documents\Bets21\src\main\resources\bets.temp' is opened by 11444@DESKTOP-D9TVLGJ

[2023-03-08 19:53:45 #2 type.registry] 
New type domain.User

[2023-03-08 19:53:45 #3 type] 
Type domain.User is not enhanced.

[2023-03-08 19:53:45 #4 type.registry] 
New type domain.Question

[2023-03-08 19:53:45 #5 type] 
Type domain.Question is not enhanced.

[2023-03-08 19:53:45 #6 type.registry] 
New type domain.Event

[2023-03-08 19:53:45 #7 type] 
Type domain.Event is not enhanced.

[2023-03-08 19:53:45 #8 type.registry] 
New type java.util.Vector<domain.Question>

[2023-03-08 19:53:45 #9 type.registry] 
New type java.util.Vector<java.lang.Object>

------------------------------------------------------------------------------------------------------------------------

[2023-03-08 19:54:08 #1 store] 
Database 'D:\Users\Mikel\Documents\Bets21\src\main\resources\bets.temp' is opened by 22520@DESKTOP-D9TVLGJ

[2023-03-08 19:54:09 #2 type.registry] 
New type domain.User

[2023-03-08 19:54:09 #3 type] 
Type domain.User is not enhanced.

[2023-03-08 19:54:09 #4 type.registry] 
New type domain.Question

[2023-03-08 19:54:09 #5 type] 
Type domain.Question is not enhanced.

[2023-03-08 19:54:09 #6 type.registry] 
New type domain.Event

[2023-03-08 19:54:09 #7 type] 
Type domain.Event is not enhanced.

[2023-03-08 19:54:09 #8 type.registry] 
New type java.util.Vector<domain.Question>

[2023-03-08 19:54:09 #9 type.registry] 
New type java.util.Vector<java.lang.Object>

------------------------------------------------------------------------------------------------------------------------

[2023-03-08 19:55:16 #1 store] 
Database 'D:\Users\Mikel\Documents\Bets21\src\main\resources\bets.temp' is opened by 19948@DESKTOP-D9TVLGJ

[2023-03-08 19:55:16 #2 type.registry] 
New type domain.User

[2023-03-08 19:55:16 #3 type] 
Type domain.User is not enhanced.

[2023-03-08 19:55:16 #4 type.registry] 
New type domain.Question

[2023-03-08 19:55:16 #5 type] 
Type domain.Question is not enhanced.

[2023-03-08 19:55:16 #6 type.registry] 
New type domain.Event

[2023-03-08 19:55:16 #7 type] 
Type domain.Event is not enhanced.

[2023-03-08 19:55:16 #8 type.registry] 
New type java.util.Vector<domain.Question>

[2023-03-08 19:55:16 #9 type.registry] 
New type java.util.Vector<java.lang.Object>

------------------------------------------------------------------------------------------------------------------------

[2023-03-08 20:24:39 #1 store] 
Database 'C:\Users\Mikel\Documents\Bets21\src\main\resources\bets.temp' is opened by 17104@DESKTOP-E0J983N

[2023-03-08 20:24:40 #2 type.registry] 
New type domain.User

[2023-03-08 20:24:40 #3 type] 
Type domain.User is not enhanced.

[2023-03-08 20:24:40 #4 type.registry] 
New type domain.Question

[2023-03-08 20:24:40 #5 type] 
Type domain.Question is not enhanced.

[2023-03-08 20:24:40 #6 type.registry] 
New type domain.Event

[2023-03-08 20:24:40 #7 type] 
Type domain.Event is not enhanced.

[2023-03-08 20:24:40 #8 type.registry] 
New type java.util.Vector<domain.Question>

[2023-03-08 20:24:40 #9 type.registry] 
New type java.util.Vector<java.lang.Object>

------------------------------------------------------------------------------------------------------------------------

[2023-03-08 20:33:41 #1 store] 
Database 'C:\Users\Mikel\Documents\Bets21\src\main\resources\bets.temp' is opened by 12880@DESKTOP-E0J983N

[2023-03-08 20:33:41 #2 type.registry] 
New type domain.User

[2023-03-08 20:33:41 #3 type] 
Type domain.User is not enhanced.

[2023-03-08 20:33:41 #4 type.registry] 
New type domain.Question

[2023-03-08 20:33:41 #5 type] 
Type domain.Question is not enhanced.

[2023-03-08 20:33:41 #6 type.registry] 
New type domain.Event

[2023-03-08 20:33:41 #7 type] 
Type domain.Event is not enhanced.

[2023-03-08 20:33:41 #8 type.registry] 
New type java.util.Vector<domain.Question>

[2023-03-08 20:33:41 #9 type.registry] 
New type java.util.Vector<java.lang.Object>

------------------------------------------------------------------------------------------------------------------------

[2023-03-08 21:19:09 #1 store] 
Database 'C:\Users\Mikel\Documents\Bets21\src\main\resources\bets.temp' is opened by 2180@DESKTOP-E0J983N

[2023-03-08 21:19:09 #2 type.registry] 
New type domain.User

[2023-03-08 21:19:09 #3 type] 
Type domain.User is not enhanced.

[2023-03-08 21:19:09 #4 type.registry] 
New type domain.Question

[2023-03-08 21:19:09 #5 type] 
Type domain.Question is not enhanced.

[2023-03-08 21:19:09 #6 type.registry] 
New type domain.Event

[2023-03-08 21:19:09 #7 type] 
Type domain.Event is not enhanced.

[2023-03-08 21:19:09 #8 type.registry] 
New type java.util.Vector<domain.Question>

[2023-03-08 21:19:09 #9 type.registry] 
New type java.util.Vector<java.lang.Object>

------------------------------------------------------------------------------------------------------------------------

[2023-03-08 21:23:50 #1 store] 
Database 'C:\Users\Mikel\Documents\Bets21\src\main\resources\bets.temp' is opened by 18776@DESKTOP-E0J983N

[2023-03-08 21:23:50 #2 type.registry] 
New type domain.User

[2023-03-08 21:23:50 #3 type] 
Type domain.User is not enhanced.

[2023-03-08 21:23:50 #4 type.registry] 
New type domain.Question

[2023-03-08 21:23:50 #5 type] 
Type domain.Question is not enhanced.

[2023-03-08 21:23:50 #6 type.registry] 
New type domain.Event

[2023-03-08 21:23:50 #7 type] 
Type domain.Event is not enhanced.

[2023-03-08 21:23:50 #8 type.registry] 
New type java.util.Vector<domain.Question>

[2023-03-08 21:23:50 #9 type.registry] 
New type java.util.Vector<java.lang.Object>

------------------------------------------------------------------------------------------------------------------------

[2023-03-08 21:24:37 #1 store] 
Database 'C:\Users\Mikel\Documents\Bets21\src\main\resources\bets.temp' is opened by 15844@DESKTOP-E0J983N

[2023-03-08 21:24:37 #2 type.registry] 
New type domain.User

[2023-03-08 21:24:37 #3 type] 
Type domain.User is not enhanced.

[2023-03-08 21:24:37 #4 type.registry] 
New type domain.Question

[2023-03-08 21:24:37 #5 type] 
Type domain.Question is not enhanced.

[2023-03-08 21:24:37 #6 type.registry] 
New type domain.Event

[2023-03-08 21:24:37 #7 type] 
Type domain.Event is not enhanced.

[2023-03-08 21:24:37 #8 type.registry] 
New type java.util.Vector<domain.Question>

[2023-03-08 21:24:37 #9 type.registry] 
New type java.util.Vector<java.lang.Object>

------------------------------------------------------------------------------------------------------------------------

[2023-03-08 21:34:16 #1 store] 
Database 'C:\Users\Mikel\Documents\Bets21\src\main\resources\bets.temp' is opened by 5548@DESKTOP-E0J983N

[2023-03-08 21:34:16 #2 type.registry] 
New type domain.User

[2023-03-08 21:34:16 #3 type] 
Type domain.User is not enhanced.

[2023-03-08 21:34:16 #4 type.registry] 
New type domain.Question

[2023-03-08 21:34:16 #5 type] 
Type domain.Question is not enhanced.

[2023-03-08 21:34:16 #6 type.registry] 
New type domain.Event

[2023-03-08 21:34:16 #7 type] 
Type domain.Event is not enhanced.

[2023-03-08 21:34:16 #8 type.registry] 
New type java.util.Vector<domain.Question>

[2023-03-08 21:34:16 #9 type.registry] 
New type java.util.Vector<java.lang.Object>

------------------------------------------------------------------------------------------------------------------------

[2023-03-08 21:39:40 #1 store] 
Database 'C:\Users\Mikel\Documents\Bets21\src\main\resources\bets.temp' is opened by 10144@DESKTOP-E0J983N

[2023-03-08 21:39:40 #2 type.registry] 
New type domain.User

[2023-03-08 21:39:40 #3 type] 
Type domain.User is not enhanced.

[2023-03-08 21:39:40 #4 type.registry] 
New type domain.Question

[2023-03-08 21:39:40 #5 type] 
Type domain.Question is not enhanced.

[2023-03-08 21:39:40 #6 type.registry] 
New type domain.Event

[2023-03-08 21:39:40 #7 type] 
Type domain.Event is not enhanced.

[2023-03-08 21:39:40 #8 type.registry] 
New type java.util.Vector<domain.Question>

[2023-03-08 21:39:40 #9 type.registry] 
New type java.util.Vector<java.lang.Object>

------------------------------------------------------------------------------------------------------------------------

[2023-03-08 21:41:13 #1 store] 
Database 'C:\Users\Mikel\Documents\Bets21\src\main\resources\bets.temp' is opened by 14296@DESKTOP-E0J983N

[2023-03-08 21:41:13 #2 type.registry] 
New type domain.User

[2023-03-08 21:41:13 #3 type] 
Type domain.User is not enhanced.

[2023-03-08 21:41:13 #4 type.registry] 
New type domain.Question

[2023-03-08 21:41:13 #5 type] 
Type domain.Question is not enhanced.

[2023-03-08 21:41:13 #6 type.registry] 
New type domain.Event

[2023-03-08 21:41:13 #7 type] 
Type domain.Event is not enhanced.

[2023-03-08 21:41:13 #8 type.registry] 
New type java.util.Vector<domain.Question>

[2023-03-08 21:41:13 #9 type.registry] 
New type java.util.Vector<java.lang.Object>

------------------------------------------------------------------------------------------------------------------------

[2023-03-08 21:41:43 #1 store] 
Database 'C:\Users\Mikel\Documents\Bets21\src\main\resources\bets.temp' is opened by 19160@DESKTOP-E0J983N

[2023-03-08 21:41:43 #2 type.registry] 
New type domain.User

[2023-03-08 21:41:43 #3 type] 
Type domain.User is not enhanced.

[2023-03-08 21:41:43 #4 type.registry] 
New type domain.Question

[2023-03-08 21:41:43 #5 type] 
Type domain.Question is not enhanced.

[2023-03-08 21:41:43 #6 type.registry] 
New type domain.Event

[2023-03-08 21:41:43 #7 type] 
Type domain.Event is not enhanced.

[2023-03-08 21:41:43 #8 type.registry] 
New type java.util.Vector<domain.Question>

[2023-03-08 21:41:43 #9 type.registry] 
New type java.util.Vector<java.lang.Object>

------------------------------------------------------------------------------------------------------------------------

[2023-03-08 21:42:21 #1 store] 
Database 'C:\Users\Mikel\Documents\Bets21\src\main\resources\bets.temp' has been recovered (tr. 1-7)

[2023-03-08 21:42:21 #2 store] 
Database 'C:\Users\Mikel\Documents\Bets21\src\main\resources\bets.temp' is opened by 18556@DESKTOP-E0J983N

[2023-03-08 21:42:21 #3 type] 
Type domain.User is not enhanced.

[2023-03-08 21:42:21 #4 type] 
Type domain.Question is not enhanced.

[2023-03-08 21:42:21 #5 type] 
Type domain.Event is not enhanced.

------------------------------------------------------------------------------------------------------------------------

[2023-03-08 22:38:50 #1 store] 
Database 'D:\Users\Mikel\Documents\Bets21\src\main\resources\bets.temp' is opened by 19012@DESKTOP-D9TVLGJ

[2023-03-08 22:38:50 #2 type] 
Type domain.User is not enhanced.

[2023-03-08 22:38:50 #3 type] 
Type domain.Question is not enhanced.

[2023-03-08 22:38:50 #4 type] 
Type domain.Event is not enhanced.

------------------------------------------------------------------------------------------------------------------------

[2023-03-08 22:40:41 #1 store] 
Database 'D:\Users\Mikel\Documents\Bets21\src\main\resources\bets.temp' is opened by 16456@DESKTOP-D9TVLGJ

[2023-03-08 22:40:41 #2 type] 
Type domain.User is not enhanced.

[2023-03-08 22:40:41 #3 type] 
Type domain.Question is not enhanced.

[2023-03-08 22:40:41 #4 type] 
Type domain.Event is not enhanced.

------------------------------------------------------------------------------------------------------------------------

[2023-03-08 22:43:05 #1 store] 
Database 'D:\Users\Mikel\Documents\Bets21\src\main\resources\bets.temp' is opened by 10652@DESKTOP-D9TVLGJ

[2023-03-08 22:43:05 #2 type] 
Type domain.User is not enhanced.

[2023-03-08 22:43:05 #3 type] 
Type domain.Question is not enhanced.

[2023-03-08 22:43:05 #4 type] 
Type domain.Event is not enhanced.

------------------------------------------------------------------------------------------------------------------------

[2023-03-08 22:46:10 #1 store] 
Database 'D:\Users\Mikel\Documents\Bets21\src\main\resources\bets.temp' is opened by 9024@DESKTOP-D9TVLGJ

[2023-03-08 22:46:10 #2 type] 
Type domain.User is not enhanced.

[2023-03-08 22:46:10 #3 type] 
Type domain.Question is not enhanced.

[2023-03-08 22:46:10 #4 type] 
Type domain.Event is not enhanced.

------------------------------------------------------------------------------------------------------------------------

[2023-03-08 22:48:41 #1 store] 
Database 'D:\Users\Mikel\Documents\Bets21\src\main\resources\bets.temp' is opened by 3576@DESKTOP-D9TVLGJ

[2023-03-08 22:48:41 #2 type] 
Type domain.User is not enhanced.

[2023-03-08 22:48:41 #3 type] 
Type domain.Question is not enhanced.

[2023-03-08 22:48:41 #4 type] 
Type domain.Event is not enhanced.

------------------------------------------------------------------------------------------------------------------------

[2023-03-08 22:50:02 #1 store] 
Database 'D:\Users\Mikel\Documents\Bets21\src\main\resources\bets.temp' is opened by 14020@DESKTOP-D9TVLGJ

[2023-03-08 22:50:02 #2 type] 
Type domain.User is not enhanced.

[2023-03-08 22:50:02 #3 type] 
Type domain.Question is not enhanced.

[2023-03-08 22:50:02 #4 type] 
Type domain.Event is not enhanced.

------------------------------------------------------------------------------------------------------------------------

[2023-03-08 22:50:56 #1 store] 
Database 'D:\Users\Mikel\Documents\Bets21\src\main\resources\bets.temp' is opened by 17620@DESKTOP-D9TVLGJ

[2023-03-08 22:50:57 #2 type] 
Type domain.User is not enhanced.

[2023-03-08 22:50:57 #3 type] 
Type domain.Question is not enhanced.

[2023-03-08 22:50:57 #4 type] 
Type domain.Event is not enhanced.

------------------------------------------------------------------------------------------------------------------------

[2023-03-08 22:51:15 #1 store] 
Database 'D:\Users\Mikel\Documents\Bets21\src\main\resources\bets.temp' is opened by 8672@DESKTOP-D9TVLGJ

[2023-03-08 22:51:15 #2 type] 
Type domain.User is not enhanced.

[2023-03-08 22:51:16 #3 type] 
Type domain.Question is not enhanced.

[2023-03-08 22:51:16 #4 type] 
Type domain.Event is not enhanced.

------------------------------------------------------------------------------------------------------------------------

[2023-03-08 22:52:10 #1 store] 
Database 'D:\Users\Mikel\Documents\Bets21\src\main\resources\bets.temp' is opened by 14572@DESKTOP-D9TVLGJ

[2023-03-08 22:52:10 #2 type] 
Type domain.User is not enhanced.

[2023-03-08 22:52:10 #3 type] 
Type domain.Question is not enhanced.

[2023-03-08 22:52:10 #4 type] 
Type domain.Event is not enhanced.

------------------------------------------------------------------------------------------------------------------------

[2023-03-08 22:54:54 #1 store] 
Database 'D:\Users\Mikel\Documents\Bets21\src\main\resources\bets.temp' is opened by 13944@DESKTOP-D9TVLGJ

[2023-03-08 22:54:54 #2 type] 
Type domain.User is not enhanced.

[2023-03-08 22:54:54 #3 type] 
Type domain.Question is not enhanced.

[2023-03-08 22:54:54 #4 type] 
Type domain.Event is not enhanced.

------------------------------------------------------------------------------------------------------------------------

[2023-03-08 22:58:38 #1 store] 
Database 'D:\Users\Mikel\Documents\Bets21\src\main\resources\bets.temp' is opened by 14076@DESKTOP-D9TVLGJ

[2023-03-08 22:58:39 #2 type] 
Type domain.User is not enhanced.

[2023-03-08 22:58:39 #3 type] 
Type domain.Question is not enhanced.

[2023-03-08 22:58:39 #4 type] 
Type domain.Event is not enhanced.

------------------------------------------------------------------------------------------------------------------------

[2023-03-08 22:59:02 #1 store] 
Database 'D:\Users\Mikel\Documents\Bets21\src\main\resources\bets.temp' is opened by 9188@DESKTOP-D9TVLGJ

[2023-03-08 22:59:02 #2 type] 
Type domain.User is not enhanced.

[2023-03-08 22:59:02 #3 type] 
Type domain.Question is not enhanced.

[2023-03-08 22:59:02 #4 type] 
Type domain.Event is not enhanced.

------------------------------------------------------------------------------------------------------------------------

[2023-03-08 23:02:25 #1 store] 
Database 'D:\Users\Mikel\Documents\Bets21\src\main\resources\bets.temp' is opened by 17980@DESKTOP-D9TVLGJ

[2023-03-08 23:02:26 #2 type] 
Type domain.User is not enhanced.

[2023-03-08 23:02:26 #3 type] 
Type domain.Question is not enhanced.

[2023-03-08 23:02:26 #4 type] 
Type domain.Event is not enhanced.

------------------------------------------------------------------------------------------------------------------------

[2023-03-08 23:04:17 #1 store] 
Database 'D:\Users\Mikel\Documents\Bets21\src\main\resources\bets.temp' is opened by 18172@DESKTOP-D9TVLGJ

[2023-03-08 23:04:17 #2 type] 
Type domain.User is not enhanced.

[2023-03-08 23:04:17 #3 type] 
Type domain.Question is not enhanced.

[2023-03-08 23:04:17 #4 type] 
Type domain.Event is not enhanced.

------------------------------------------------------------------------------------------------------------------------

[2023-03-08 23:07:11 #1 store] 
Database 'D:\Users\Mikel\Documents\Bets21\src\main\resources\bets.temp' is opened by 13640@DESKTOP-D9TVLGJ

[2023-03-08 23:07:11 #2 type] 
Type domain.User is not enhanced.

[2023-03-08 23:07:11 #3 type] 
Type domain.Question is not enhanced.

[2023-03-08 23:07:11 #4 type] 
Type domain.Event is not enhanced.

------------------------------------------------------------------------------------------------------------------------

[2023-03-08 23:08:05 #1 store] 
Database 'D:\Users\Mikel\Documents\Bets21\src\main\resources\bets.temp' is opened by 17136@DESKTOP-D9TVLGJ

[2023-03-08 23:08:05 #2 type] 
Type domain.User is not enhanced.

[2023-03-08 23:08:05 #3 type] 
Type domain.Question is not enhanced.

[2023-03-08 23:08:05 #4 type] 
Type domain.Event is not enhanced.

------------------------------------------------------------------------------------------------------------------------

[2023-03-08 23:11:50 #1 store] 
Database 'D:\Users\Mikel\Documents\Bets21\src\main\resources\bets.temp' is opened by 4692@DESKTOP-D9TVLGJ

[2023-03-08 23:11:50 #2 type] 
Type domain.User is not enhanced.

[2023-03-08 23:11:50 #3 type] 
Type domain.Question is not enhanced.

[2023-03-08 23:11:50 #4 type] 
Type domain.Event is not enhanced.

------------------------------------------------------------------------------------------------------------------------

[2023-03-08 23:16:14 #1 store] 
Database 'D:\Users\Mikel\Documents\Bets21\src\main\resources\bets.temp' is opened by 12444@DESKTOP-D9TVLGJ

[2023-03-08 23:16:14 #2 type] 
Type domain.User is not enhanced.

[2023-03-08 23:16:15 #3 type] 
Type domain.Question is not enhanced.

[2023-03-08 23:16:15 #4 type] 
Type domain.Event is not enhanced.

------------------------------------------------------------------------------------------------------------------------

[2023-03-08 23:17:33 #1 store] 
Database 'D:\Users\Mikel\Documents\Bets21\src\main\resources\bets.temp' is opened by 15756@DESKTOP-D9TVLGJ

[2023-03-08 23:17:33 #2 type] 
Type domain.User is not enhanced.

[2023-03-08 23:17:33 #3 type] 
Type domain.Question is not enhanced.

[2023-03-08 23:17:33 #4 type] 
Type domain.Event is not enhanced.

------------------------------------------------------------------------------------------------------------------------

[2023-03-08 23:19:03 #1 store] 
Database 'D:\Users\Mikel\Documents\Bets21\src\main\resources\bets.temp' is opened by 6812@DESKTOP-D9TVLGJ

[2023-03-08 23:19:04 #2 type] 
Type domain.User is not enhanced.

[2023-03-08 23:19:04 #3 type] 
Type domain.Question is not enhanced.

[2023-03-08 23:19:04 #4 type] 
Type domain.Event is not enhanced.

------------------------------------------------------------------------------------------------------------------------

[2023-03-08 23:19:27 #1 store] 
Database 'D:\Users\Mikel\Documents\Bets21\src\main\resources\bets.temp' is opened by 9992@DESKTOP-D9TVLGJ

[2023-03-08 23:19:27 #2 type] 
Type domain.User is not enhanced.

[2023-03-08 23:19:27 #3 type] 
Type domain.Question is not enhanced.

[2023-03-08 23:19:27 #4 type] 
Type domain.Event is not enhanced.

------------------------------------------------------------------------------------------------------------------------

[2023-03-08 23:20:57 #1 store] 
Database 'D:\Users\Mikel\Documents\Bets21\src\main\resources\bets.temp' is opened by 14892@DESKTOP-D9TVLGJ

[2023-03-08 23:20:57 #2 type] 
Type domain.User is not enhanced.

[2023-03-08 23:20:57 #3 type] 
Type domain.Question is not enhanced.

[2023-03-08 23:20:57 #4 type] 
Type domain.Event is not enhanced.

------------------------------------------------------------------------------------------------------------------------

[2023-03-08 23:22:50 #1 store] 
Database 'D:\Users\Mikel\Documents\Bets21\src\main\resources\bets.temp' is opened by 11456@DESKTOP-D9TVLGJ

[2023-03-08 23:22:50 #2 type] 
Type domain.User is not enhanced.

[2023-03-08 23:22:50 #3 type] 
Type domain.Question is not enhanced.

[2023-03-08 23:22:50 #4 type] 
Type domain.Event is not enhanced.

