------------------------------------------------------------------------------------------------------------------------

[2023-02-21 10:41:39 #1 store] 
Database 'C:\Users\Mikel\git\Bets21\src\main\resources\bets.temp' is opened by 4232@DESKTOP-E0J983N

[2023-02-21 10:41:39 #2 type.registry] 
New type domain.Question

[2023-02-21 10:41:39 #3 type] 
Type domain.Question is not enhanced.

[2023-02-21 10:41:39 #4 type.registry] 
New type domain.Event

[2023-02-21 10:41:39 #5 type] 
Type domain.Event is not enhanced.

[2023-02-21 10:41:39 #6 type.registry] 
New type java.util.Vector<domain.Question>

[2023-02-21 10:41:39 #7 type.registry] 
New type java.util.Vector<java.lang.Object>

------------------------------------------------------------------------------------------------------------------------

[2023-02-21 10:42:12 #1 store] 
Database 'C:\Users\Mikel\git\Bets21\src\main\resources\bets.temp' is opened by 15168@DESKTOP-E0J983N

[2023-02-21 10:42:12 #2 type.registry] 
New type domain.Question

[2023-02-21 10:42:12 #3 type] 
Type domain.Question is not enhanced.

[2023-02-21 10:42:12 #4 type.registry] 
New type domain.Event

[2023-02-21 10:42:12 #5 type] 
Type domain.Event is not enhanced.

[2023-02-21 10:42:12 #6 type.registry] 
New type java.util.Vector<domain.Question>

[2023-02-21 10:42:12 #7 type.registry] 
New type java.util.Vector<java.lang.Object>

------------------------------------------------------------------------------------------------------------------------

[2023-02-21 10:43:09 #1 store] 
Database 'C:\Users\Mikel\git\Bets21\src\main\resources\bets.temp' is opened by 21180@DESKTOP-E0J983N

[2023-02-21 10:43:09 #2 type.registry] 
New type domain.Question

[2023-02-21 10:43:09 #3 type] 
Type domain.Question is not enhanced.

[2023-02-21 10:43:09 #4 type.registry] 
New type domain.Event

[2023-02-21 10:43:09 #5 type] 
Type domain.Event is not enhanced.

[2023-02-21 10:43:09 #6 type.registry] 
New type java.util.Vector<domain.Question>

[2023-02-21 10:43:09 #7 type.registry] 
New type java.util.Vector<java.lang.Object>

------------------------------------------------------------------------------------------------------------------------

[2023-02-21 10:44:08 #1 store] 
Database 'C:\Users\Mikel\git\Bets21\src\main\resources\bets.temp' is opened by 12096@DESKTOP-E0J983N

[2023-02-21 10:44:09 #2 type.registry] 
New type domain.Question

[2023-02-21 10:44:09 #3 type] 
Type domain.Question is not enhanced.

[2023-02-21 10:44:09 #4 type.registry] 
New type domain.Event

[2023-02-21 10:44:09 #5 type] 
Type domain.Event is not enhanced.

[2023-02-21 10:44:09 #6 type.registry] 
New type java.util.Vector<domain.Question>

[2023-02-21 10:44:09 #7 type.registry] 
New type java.util.Vector<java.lang.Object>

------------------------------------------------------------------------------------------------------------------------

[2023-02-21 10:47:01 #1 store] 
Database 'C:\Users\Mikel\git\Bets21\src\main\resources\bets.temp' is opened by 7100@DESKTOP-E0J983N

[2023-02-21 10:47:01 #2 type.registry] 
New type domain.Question

[2023-02-21 10:47:01 #3 type] 
Type domain.Question is not enhanced.

[2023-02-21 10:47:01 #4 type.registry] 
New type domain.Event

[2023-02-21 10:47:01 #5 type] 
Type domain.Event is not enhanced.

[2023-02-21 10:47:01 #6 type.registry] 
New type java.util.Vector<domain.Question>

[2023-02-21 10:47:01 #7 type.registry] 
New type java.util.Vector<java.lang.Object>

------------------------------------------------------------------------------------------------------------------------

[2023-02-21 10:47:09 #1 store] 
Database 'C:\Users\Mikel\git\Bets21\src\main\resources\bets.temp' is opened by 17596@DESKTOP-E0J983N

[2023-02-21 10:47:09 #2 type.registry] 
New type domain.Question

[2023-02-21 10:47:09 #3 type] 
Type domain.Question is not enhanced.

[2023-02-21 10:47:09 #4 type.registry] 
New type domain.Event

[2023-02-21 10:47:09 #5 type] 
Type domain.Event is not enhanced.

[2023-02-21 10:47:09 #6 type.registry] 
New type java.util.Vector<domain.Question>

[2023-02-21 10:47:09 #7 type.registry] 
New type java.util.Vector<java.lang.Object>

------------------------------------------------------------------------------------------------------------------------

[2023-02-21 10:48:09 #1 store] 
Database 'C:\Users\Mikel\git\Bets21\src\main\resources\bets.temp' is opened by 21204@DESKTOP-E0J983N

[2023-02-21 10:48:09 #2 type.registry] 
New type domain.Question

[2023-02-21 10:48:09 #3 type] 
Type domain.Question is not enhanced.

[2023-02-21 10:48:09 #4 type.registry] 
New type domain.Event

[2023-02-21 10:48:09 #5 type] 
Type domain.Event is not enhanced.

[2023-02-21 10:48:09 #6 type.registry] 
New type java.util.Vector<domain.Question>

[2023-02-21 10:48:09 #7 type.registry] 
New type java.util.Vector<java.lang.Object>

------------------------------------------------------------------------------------------------------------------------

[2023-02-21 10:50:00 #1 store] 
Database 'C:\Users\Mikel\git\Bets21\src\main\resources\bets.temp' is opened by 15224@DESKTOP-E0J983N

[2023-02-21 10:50:00 #2 type.registry] 
New type domain.Question

[2023-02-21 10:50:00 #3 type] 
Type domain.Question is not enhanced.

[2023-02-21 10:50:00 #4 type.registry] 
New type domain.Event

[2023-02-21 10:50:00 #5 type] 
Type domain.Event is not enhanced.

[2023-02-21 10:50:00 #6 type.registry] 
New type java.util.Vector<domain.Question>

[2023-02-21 10:50:00 #7 type.registry] 
New type java.util.Vector<java.lang.Object>

------------------------------------------------------------------------------------------------------------------------

[2023-02-21 10:50:17 #1 store] 
Database 'C:\Users\Mikel\git\Bets21\src\main\resources\bets.temp' is opened by 10676@DESKTOP-E0J983N

[2023-02-21 10:50:17 #2 type.registry] 
New type domain.Question

[2023-02-21 10:50:17 #3 type] 
Type domain.Question is not enhanced.

[2023-02-21 10:50:17 #4 type.registry] 
New type domain.Event

[2023-02-21 10:50:17 #5 type] 
Type domain.Event is not enhanced.

[2023-02-21 10:50:17 #6 type.registry] 
New type java.util.Vector<domain.Question>

[2023-02-21 10:50:17 #7 type.registry] 
New type java.util.Vector<java.lang.Object>

------------------------------------------------------------------------------------------------------------------------

[2023-02-21 10:53:39 #1 store] 
Database 'C:\Users\Mikel\git\Bets21\src\main\resources\bets.temp' is opened by 13772@DESKTOP-E0J983N

[2023-02-21 10:53:39 #2 type.registry] 
New type domain.Question

[2023-02-21 10:53:39 #3 type] 
Type domain.Question is not enhanced.

[2023-02-21 10:53:39 #4 type.registry] 
New type domain.Event

[2023-02-21 10:53:39 #5 type] 
Type domain.Event is not enhanced.

[2023-02-21 10:53:39 #6 type.registry] 
New type java.util.Vector<domain.Question>

[2023-02-21 10:53:39 #7 type.registry] 
New type java.util.Vector<java.lang.Object>

[2023-02-21 10:53:43 #8 type.registry] 
New type domain.User

[2023-02-21 10:53:43 #9 type] 
Type domain.User is not enhanced.

------------------------------------------------------------------------------------------------------------------------

[2023-02-21 10:54:50 #1 store] 
Database 'C:\Users\Mikel\git\Bets21\src\main\resources\bets.temp' is opened by 13596@DESKTOP-E0J983N

[2023-02-21 10:54:51 #2 type.registry] 
New type domain.User

[2023-02-21 10:54:51 #3 type] 
Type domain.User is not enhanced.

[2023-02-21 10:54:51 #4 type.registry] 
New type domain.Question

[2023-02-21 10:54:51 #5 type] 
Type domain.Question is not enhanced.

[2023-02-21 10:54:51 #6 type.registry] 
New type domain.Event

[2023-02-21 10:54:51 #7 type] 
Type domain.Event is not enhanced.

[2023-02-21 10:54:51 #8 type.registry] 
New type java.util.Vector<domain.Question>

[2023-02-21 10:54:51 #9 type.registry] 
New type java.util.Vector<java.lang.Object>

------------------------------------------------------------------------------------------------------------------------

[2023-02-21 10:56:18 #1 store] 
Database 'C:\Users\Mikel\git\Bets21\src\main\resources\bets.temp' is opened by 16644@DESKTOP-E0J983N

[2023-02-21 10:56:18 #2 type.registry] 
New type domain.User

[2023-02-21 10:56:18 #3 type] 
Type domain.User is not enhanced.

[2023-02-21 10:56:18 #4 type.registry] 
New type domain.Question

[2023-02-21 10:56:18 #5 type] 
Type domain.Question is not enhanced.

[2023-02-21 10:56:18 #6 type.registry] 
New type domain.Event

[2023-02-21 10:56:18 #7 type] 
Type domain.Event is not enhanced.

[2023-02-21 10:56:18 #8 type.registry] 
New type java.util.Vector<domain.Question>

[2023-02-21 10:56:18 #9 type.registry] 
New type java.util.Vector<java.lang.Object>

------------------------------------------------------------------------------------------------------------------------

[2023-02-21 10:57:47 #1 store] 
Database 'C:\Users\Mikel\git\Bets21\src\main\resources\bets.temp' is opened by 14156@DESKTOP-E0J983N

[2023-02-21 10:57:47 #2 type.registry] 
New type domain.User

[2023-02-21 10:57:47 #3 type] 
Type domain.User is not enhanced.

[2023-02-21 10:57:47 #4 type.registry] 
New type domain.Question

[2023-02-21 10:57:47 #5 type] 
Type domain.Question is not enhanced.

[2023-02-21 10:57:47 #6 type.registry] 
New type domain.Event

[2023-02-21 10:57:47 #7 type] 
Type domain.Event is not enhanced.

[2023-02-21 10:57:47 #8 type.registry] 
New type java.util.Vector<domain.Question>

[2023-02-21 10:57:47 #9 type.registry] 
New type java.util.Vector<java.lang.Object>

------------------------------------------------------------------------------------------------------------------------

[2023-02-21 11:00:57 #1 store] 
Database 'C:\Users\Mikel\git\Bets21\src\main\resources\bets.temp' is opened by 17872@DESKTOP-E0J983N

[2023-02-21 11:00:57 #2 type.registry] 
New type domain.User

[2023-02-21 11:00:57 #3 type] 
Type domain.User is not enhanced.

[2023-02-21 11:00:57 #4 type.registry] 
New type domain.Question

[2023-02-21 11:00:57 #5 type] 
Type domain.Question is not enhanced.

[2023-02-21 11:00:57 #6 type.registry] 
New type domain.Event

[2023-02-21 11:00:57 #7 type] 
Type domain.Event is not enhanced.

[2023-02-21 11:00:57 #8 type.registry] 
New type java.util.Vector<domain.Question>

[2023-02-21 11:00:57 #9 type.registry] 
New type java.util.Vector<java.lang.Object>

------------------------------------------------------------------------------------------------------------------------

[2023-02-21 11:02:08 #1 store] 
Database 'C:\Users\Mikel\git\Bets21\src\main\resources\bets.temp' is opened by 11052@DESKTOP-E0J983N

[2023-02-21 11:02:08 #2 type.registry] 
New type domain.User

[2023-02-21 11:02:08 #3 type] 
Type domain.User is not enhanced.

[2023-02-21 11:02:08 #4 type.registry] 
New type domain.Question

[2023-02-21 11:02:08 #5 type] 
Type domain.Question is not enhanced.

[2023-02-21 11:02:08 #6 type.registry] 
New type domain.Event

[2023-02-21 11:02:08 #7 type] 
Type domain.Event is not enhanced.

[2023-02-21 11:02:08 #8 type.registry] 
New type java.util.Vector<domain.Question>

[2023-02-21 11:02:08 #9 type.registry] 
New type java.util.Vector<java.lang.Object>

------------------------------------------------------------------------------------------------------------------------

[2023-02-21 11:20:43 #1 store] 
Database 'C:\Users\Mikel\git\Bets21\src\main\resources\bets.temp' is opened by 2616@DESKTOP-E0J983N

[2023-02-21 11:20:43 #2 type.registry] 
New type domain.User

[2023-02-21 11:20:43 #3 type] 
Type domain.User is not enhanced.

[2023-02-21 11:20:43 #4 type.registry] 
New type domain.Question

[2023-02-21 11:20:43 #5 type] 
Type domain.Question is not enhanced.

[2023-02-21 11:20:43 #6 type.registry] 
New type domain.Event

[2023-02-21 11:20:43 #7 type] 
Type domain.Event is not enhanced.

[2023-02-21 11:20:43 #8 type.registry] 
New type java.util.Vector<domain.Question>

[2023-02-21 11:20:43 #9 type.registry] 
New type java.util.Vector<java.lang.Object>

------------------------------------------------------------------------------------------------------------------------

[2023-02-21 11:26:43 #1 store] 
Database 'C:\Users\Mikel\git\Bets21\src\main\resources\bets.temp' is opened by 16064@DESKTOP-E0J983N

[2023-02-21 11:26:43 #2 type.registry] 
New type domain.User

[2023-02-21 11:26:43 #3 type] 
Type domain.User is not enhanced.

[2023-02-21 11:26:43 #4 type.registry] 
New type domain.Question

[2023-02-21 11:26:43 #5 type] 
Type domain.Question is not enhanced.

[2023-02-21 11:26:43 #6 type.registry] 
New type domain.Event

[2023-02-21 11:26:43 #7 type] 
Type domain.Event is not enhanced.

[2023-02-21 11:26:43 #8 type.registry] 
New type java.util.Vector<domain.Question>

[2023-02-21 11:26:43 #9 type.registry] 
New type java.util.Vector<java.lang.Object>

------------------------------------------------------------------------------------------------------------------------

[2023-02-21 11:27:18 #1 store] 
Database 'C:\Users\Mikel\git\Bets21\src\main\resources\bets.temp' is opened by 11580@DESKTOP-E0J983N

[2023-02-21 11:27:18 #2 type.registry] 
New type domain.User

[2023-02-21 11:27:18 #3 type] 
Type domain.User is not enhanced.

[2023-02-21 11:27:18 #4 type.registry] 
New type domain.Question

[2023-02-21 11:27:18 #5 type] 
Type domain.Question is not enhanced.

[2023-02-21 11:27:18 #6 type.registry] 
New type domain.Event

[2023-02-21 11:27:18 #7 type] 
Type domain.Event is not enhanced.

[2023-02-21 11:27:18 #8 type.registry] 
New type java.util.Vector<domain.Question>

[2023-02-21 11:27:18 #9 type.registry] 
New type java.util.Vector<java.lang.Object>

------------------------------------------------------------------------------------------------------------------------

[2023-02-21 11:30:08 #1 store] 
Database 'C:\Users\Mikel\git\Bets21\src\main\resources\bets.temp' is opened by 14260@DESKTOP-E0J983N

[2023-02-21 11:30:08 #2 type.registry] 
New type domain.User

[2023-02-21 11:30:08 #3 type] 
Type domain.User is not enhanced.

[2023-02-21 11:30:08 #4 type.registry] 
New type domain.Question

[2023-02-21 11:30:08 #5 type] 
Type domain.Question is not enhanced.

[2023-02-21 11:30:08 #6 type.registry] 
New type domain.Event

[2023-02-21 11:30:08 #7 type] 
Type domain.Event is not enhanced.

[2023-02-21 11:30:08 #8 type.registry] 
New type java.util.Vector<domain.Question>

[2023-02-21 11:30:08 #9 type.registry] 
New type java.util.Vector<java.lang.Object>

------------------------------------------------------------------------------------------------------------------------

[2023-02-21 11:31:23 #1 store] 
Database 'C:\Users\Mikel\git\Bets21\src\main\resources\bets.temp' is opened by 17088@DESKTOP-E0J983N

[2023-02-21 11:31:23 #2 type.registry] 
New type domain.User

[2023-02-21 11:31:23 #3 type] 
Type domain.User is not enhanced.

[2023-02-21 11:31:23 #4 type.registry] 
New type domain.Question

[2023-02-21 11:31:23 #5 type] 
Type domain.Question is not enhanced.

[2023-02-21 11:31:23 #6 type.registry] 
New type domain.Event

[2023-02-21 11:31:23 #7 type] 
Type domain.Event is not enhanced.

[2023-02-21 11:31:23 #8 type.registry] 
New type java.util.Vector<domain.Question>

[2023-02-21 11:31:23 #9 type.registry] 
New type java.util.Vector<java.lang.Object>

------------------------------------------------------------------------------------------------------------------------

[2023-02-21 11:32:44 #1 store] 
Database 'C:\Users\Mikel\git\Bets21\src\main\resources\bets.temp' is opened by 9920@DESKTOP-E0J983N

[2023-02-21 11:32:44 #2 type.registry] 
New type domain.User

[2023-02-21 11:32:44 #3 type] 
Type domain.User is not enhanced.

[2023-02-21 11:32:44 #4 type.registry] 
New type domain.Question

[2023-02-21 11:32:44 #5 type] 
Type domain.Question is not enhanced.

[2023-02-21 11:32:44 #6 type.registry] 
New type domain.Event

[2023-02-21 11:32:44 #7 type] 
Type domain.Event is not enhanced.

[2023-02-21 11:32:44 #8 type.registry] 
New type java.util.Vector<domain.Question>

[2023-02-21 11:32:44 #9 type.registry] 
New type java.util.Vector<java.lang.Object>

------------------------------------------------------------------------------------------------------------------------

[2023-02-21 11:33:54 #1 store] 
Database 'C:\Users\Mikel\git\Bets21\src\main\resources\bets.temp' is opened by 12916@DESKTOP-E0J983N

[2023-02-21 11:33:54 #2 type.registry] 
New type domain.User

[2023-02-21 11:33:54 #3 type] 
Type domain.User is not enhanced.

[2023-02-21 11:33:54 #4 type.registry] 
New type char[]

[2023-02-21 11:33:54 #5 type.registry] 
New type domain.Question

[2023-02-21 11:33:54 #6 type] 
Type domain.Question is not enhanced.

[2023-02-21 11:33:54 #7 type.registry] 
New type domain.Event

[2023-02-21 11:33:54 #8 type] 
Type domain.Event is not enhanced.

[2023-02-21 11:33:54 #9 type.registry] 
New type java.util.Vector<domain.Question>

[2023-02-21 11:33:54 #10 type.registry] 
New type java.util.Vector<java.lang.Object>

------------------------------------------------------------------------------------------------------------------------

[2023-02-21 11:35:09 #1 store] 
Database 'C:\Users\Mikel\git\Bets21\src\main\resources\bets.temp' is opened by 10996@DESKTOP-E0J983N

[2023-02-21 11:35:10 #2 type.registry] 
New type domain.User

[2023-02-21 11:35:10 #3 type] 
Type domain.User is not enhanced.

[2023-02-21 11:35:10 #4 type.registry] 
New type char[]

[2023-02-21 11:35:10 #5 type.registry] 
New type domain.Question

[2023-02-21 11:35:10 #6 type] 
Type domain.Question is not enhanced.

[2023-02-21 11:35:10 #7 type.registry] 
New type domain.Event

[2023-02-21 11:35:10 #8 type] 
Type domain.Event is not enhanced.

[2023-02-21 11:35:10 #9 type.registry] 
New type java.util.Vector<domain.Question>

[2023-02-21 11:35:10 #10 type.registry] 
New type java.util.Vector<java.lang.Object>

------------------------------------------------------------------------------------------------------------------------

[2023-02-21 11:35:41 #1 store] 
Database 'C:\Users\Mikel\git\Bets21\src\main\resources\bets.temp' is opened by 19836@DESKTOP-E0J983N

[2023-02-21 11:35:41 #2 type.registry] 
New type domain.User

[2023-02-21 11:35:41 #3 type] 
Type domain.User is not enhanced.

[2023-02-21 11:35:41 #4 type.registry] 
New type char[]

[2023-02-21 11:35:41 #5 type.registry] 
New type domain.Question

[2023-02-21 11:35:41 #6 type] 
Type domain.Question is not enhanced.

[2023-02-21 11:35:41 #7 type.registry] 
New type domain.Event

[2023-02-21 11:35:41 #8 type] 
Type domain.Event is not enhanced.

[2023-02-21 11:35:41 #9 type.registry] 
New type java.util.Vector<domain.Question>

[2023-02-21 11:35:41 #10 type.registry] 
New type java.util.Vector<java.lang.Object>

------------------------------------------------------------------------------------------------------------------------

[2023-02-21 11:36:24 #1 store] 
Database 'C:\Users\Mikel\git\Bets21\src\main\resources\bets.temp' is opened by 2972@DESKTOP-E0J983N

[2023-02-21 11:36:24 #2 type.registry] 
New type domain.User

[2023-02-21 11:36:24 #3 type] 
Type domain.User is not enhanced.

[2023-02-21 11:36:24 #4 type.registry] 
New type domain.Question

[2023-02-21 11:36:24 #5 type] 
Type domain.Question is not enhanced.

[2023-02-21 11:36:24 #6 type.registry] 
New type domain.Event

[2023-02-21 11:36:24 #7 type] 
Type domain.Event is not enhanced.

[2023-02-21 11:36:24 #8 type.registry] 
New type java.util.Vector<domain.Question>

[2023-02-21 11:36:24 #9 type.registry] 
New type java.util.Vector<java.lang.Object>

------------------------------------------------------------------------------------------------------------------------

[2023-02-21 11:38:30 #1 store] 
Database 'C:\Users\Mikel\git\Bets21\src\main\resources\bets.temp' is opened by 17440@DESKTOP-E0J983N

[2023-02-21 11:38:30 #2 type.registry] 
New type domain.User

[2023-02-21 11:38:30 #3 type] 
Type domain.User is not enhanced.

[2023-02-21 11:38:30 #4 type.registry] 
New type domain.Question

[2023-02-21 11:38:30 #5 type] 
Type domain.Question is not enhanced.

[2023-02-21 11:38:30 #6 type.registry] 
New type domain.Event

[2023-02-21 11:38:30 #7 type] 
Type domain.Event is not enhanced.

[2023-02-21 11:38:30 #8 type.registry] 
New type java.util.Vector<domain.Question>

[2023-02-21 11:38:30 #9 type.registry] 
New type java.util.Vector<java.lang.Object>

------------------------------------------------------------------------------------------------------------------------

[2023-02-21 11:39:06 #1 store] 
Database 'C:\Users\Mikel\git\Bets21\src\main\resources\bets.temp' is opened by 8880@DESKTOP-E0J983N

[2023-02-21 11:39:06 #2 type.registry] 
New type domain.User

[2023-02-21 11:39:06 #3 type] 
Type domain.User is not enhanced.

[2023-02-21 11:39:06 #4 type.registry] 
New type domain.Question

[2023-02-21 11:39:06 #5 type] 
Type domain.Question is not enhanced.

[2023-02-21 11:39:06 #6 type.registry] 
New type domain.Event

[2023-02-21 11:39:06 #7 type] 
Type domain.Event is not enhanced.

[2023-02-21 11:39:06 #8 type.registry] 
New type java.util.Vector<domain.Question>

[2023-02-21 11:39:06 #9 type.registry] 
New type java.util.Vector<java.lang.Object>

------------------------------------------------------------------------------------------------------------------------

[2023-02-21 11:49:18 #1 store] 
Database 'C:\Users\Mikel\git\Bets21\src\main\resources\bets.temp' is opened by 19336@DESKTOP-E0J983N

[2023-02-21 11:49:18 #2 type.registry] 
New type domain.User

[2023-02-21 11:49:18 #3 type] 
Type domain.User is not enhanced.

[2023-02-21 11:49:18 #4 type.registry] 
New type domain.Question

[2023-02-21 11:49:18 #5 type] 
Type domain.Question is not enhanced.

[2023-02-21 11:49:18 #6 type.registry] 
New type domain.Event

[2023-02-21 11:49:18 #7 type] 
Type domain.Event is not enhanced.

[2023-02-21 11:49:18 #8 type.registry] 
New type java.util.Vector<domain.Question>

[2023-02-21 11:49:18 #9 type.registry] 
New type java.util.Vector<java.lang.Object>

------------------------------------------------------------------------------------------------------------------------

[2023-02-21 11:54:05 #1 store] 
Database 'C:\Users\Mikel\git\Bets21\src\main\resources\bets.temp' is opened by 12052@DESKTOP-E0J983N

[2023-02-21 11:54:05 #2 type.registry] 
New type domain.User

[2023-02-21 11:54:05 #3 type] 
Type domain.User is not enhanced.

[2023-02-21 11:54:05 #4 type.registry] 
New type domain.Question

[2023-02-21 11:54:05 #5 type] 
Type domain.Question is not enhanced.

[2023-02-21 11:54:05 #6 type.registry] 
New type domain.Event

[2023-02-21 11:54:05 #7 type] 
Type domain.Event is not enhanced.

[2023-02-21 11:54:05 #8 type.registry] 
New type java.util.Vector<domain.Question>

[2023-02-21 11:54:05 #9 type.registry] 
New type java.util.Vector<java.lang.Object>

